{"E:\\per\\src\\index.js": {"path":"E:\\per\\src\\index.js","statementMap":{"0":{"start":{"line":1,"column":24},"end":{"line":1,"column":63}},"1":{"start":{"line":2,"column":21},"end":{"line":2,"column":52}},"2":{"start":{"line":3,"column":24},"end":{"line":3,"column":58}},"3":{"start":{"line":7,"column":4},"end":{"line":7,"column":50}},"4":{"start":{"line":8,"column":4},"end":{"line":8,"column":43}},"5":{"start":{"line":9,"column":4},"end":{"line":9,"column":49}},"6":{"start":{"line":13,"column":4},"end":{"line":13,"column":43}},"7":{"start":{"line":17,"column":4},"end":{"line":17,"column":67}},"8":{"start":{"line":21,"column":4},"end":{"line":21,"column":44}},"9":{"start":{"line":25,"column":4},"end":{"line":25,"column":53}},"10":{"start":{"line":29,"column":4},"end":{"line":29,"column":51}},"11":{"start":{"line":33,"column":4},"end":{"line":33,"column":43}},"12":{"start":{"line":37,"column":4},"end":{"line":37,"column":39}},"13":{"start":{"line":41,"column":27},"end":{"line":41,"column":52}},"14":{"start":{"line":42,"column":4},"end":{"line":42,"column":26}},"15":{"start":{"line":46,"column":0},"end":{"line":51,"column":2}}},"fnMap":{"0":{"name":"(anonymous_0)","decl":{"start":{"line":6,"column":2},"end":{"line":6,"column":3}},"loc":{"start":{"line":6,"column":28},"end":{"line":10,"column":3}},"line":6},"1":{"name":"(anonymous_1)","decl":{"start":{"line":12,"column":2},"end":{"line":12,"column":3}},"loc":{"start":{"line":12,"column":19},"end":{"line":14,"column":3}},"line":12},"2":{"name":"(anonymous_2)","decl":{"start":{"line":16,"column":2},"end":{"line":16,"column":3}},"loc":{"start":{"line":16,"column":47},"end":{"line":18,"column":3}},"line":16},"3":{"name":"(anonymous_3)","decl":{"start":{"line":20,"column":2},"end":{"line":20,"column":3}},"loc":{"start":{"line":20,"column":15},"end":{"line":22,"column":3}},"line":20},"4":{"name":"(anonymous_4)","decl":{"start":{"line":24,"column":2},"end":{"line":24,"column":3}},"loc":{"start":{"line":24,"column":26},"end":{"line":26,"column":3}},"line":24},"5":{"name":"(anonymous_5)","decl":{"start":{"line":28,"column":2},"end":{"line":28,"column":3}},"loc":{"start":{"line":28,"column":29},"end":{"line":30,"column":3}},"line":28},"6":{"name":"(anonymous_6)","decl":{"start":{"line":32,"column":2},"end":{"line":32,"column":3}},"loc":{"start":{"line":32,"column":21},"end":{"line":34,"column":3}},"line":32},"7":{"name":"(anonymous_7)","decl":{"start":{"line":36,"column":2},"end":{"line":36,"column":3}},"loc":{"start":{"line":36,"column":18},"end":{"line":38,"column":3}},"line":36},"8":{"name":"(anonymous_8)","decl":{"start":{"line":40,"column":2},"end":{"line":40,"column":3}},"loc":{"start":{"line":40,"column":13},"end":{"line":43,"column":3}},"line":40}},"branchMap":{"0":{"loc":{"start":{"line":6,"column":14},"end":{"line":6,"column":26}},"type":"default-arg","locations":[{"start":{"line":6,"column":24},"end":{"line":6,"column":26}}],"line":6},"1":{"loc":{"start":{"line":16,"column":36},"end":{"line":16,"column":45}},"type":"default-arg","locations":[{"start":{"line":16,"column":44},"end":{"line":16,"column":45}}],"line":16}},"s":{"0":2,"1":2,"2":2,"3":8,"4":8,"5":8,"6":1,"7":10,"8":0,"9":0,"10":0,"11":0,"12":0,"13":0,"14":0,"15":2},"f":{"0":8,"1":1,"2":10,"3":0,"4":0,"5":0,"6":0,"7":0,"8":0},"b":{"0":[3],"1":[0]},"_coverageSchema":"1a1c01bbd47fc00a2c39e90264f33305004495a9","hash":"5db01034db554a9ccbf1279f3a83330d01908404"}
,"E:\\per\\src\\generators\\PromptGenerator.js": {"path":"E:\\per\\src\\generators\\PromptGenerator.js","statementMap":{"0":{"start":{"line":1,"column":19},"end":{"line":1,"column":49}},"1":{"start":{"line":2,"column":62},"end":{"line":2,"column":89}},"2":{"start":{"line":6,"column":4},"end":{"line":6,"column":29}},"3":{"start":{"line":7,"column":4},"end":{"line":12,"column":6}},"4":{"start":{"line":16,"column":23},"end":{"line":16,"column":45}},"5":{"start":{"line":17,"column":4},"end":{"line":19,"column":5}},"6":{"start":{"line":18,"column":6},"end":{"line":18,"column":80}},"7":{"start":{"line":21,"column":22},"end":{"line":21,"column":34}},"8":{"start":{"line":22,"column":18},"end":{"line":22,"column":40}},"9":{"start":{"line":24,"column":4},"end":{"line":26,"column":5}},"10":{"start":{"line":25,"column":6},"end":{"line":25,"column":107}},"11":{"start":{"line":28,"column":17},"end":{"line":28,"column":30}},"12":{"start":{"line":29,"column":22},"end":{"line":29,"column":35}},"13":{"start":{"line":31,"column":4},"end":{"line":37,"column":7}},"14":{"start":{"line":32,"column":6},"end":{"line":36,"column":7}},"15":{"start":{"line":33,"column":8},"end":{"line":35,"column":34}},"16":{"start":{"line":39,"column":4},"end":{"line":39,"column":59}},"17":{"start":{"line":39,"column":24},"end":{"line":39,"column":59}},"18":{"start":{"line":40,"column":4},"end":{"line":40,"column":52}},"19":{"start":{"line":42,"column":4},"end":{"line":45,"column":5}},"20":{"start":{"line":43,"column":26},"end":{"line":43,"column":72}},"21":{"start":{"line":44,"column":6},"end":{"line":44,"column":35}},"22":{"start":{"line":47,"column":19},"end":{"line":56,"column":5}},"23":{"start":{"line":58,"column":4},"end":{"line":60,"column":5}},"24":{"start":{"line":59,"column":6},"end":{"line":59,"column":52}},"25":{"start":{"line":62,"column":4},"end":{"line":62,"column":18}},"26":{"start":{"line":66,"column":23},"end":{"line":66,"column":25}},"27":{"start":{"line":67,"column":4},"end":{"line":78,"column":5}},"28":{"start":{"line":67,"column":17},"end":{"line":67,"column":18}},"29":{"start":{"line":68,"column":32},"end":{"line":68,"column":63}},"30":{"start":{"line":69,"column":6},"end":{"line":69,"column":45}},"31":{"start":{"line":70,"column":6},"end":{"line":76,"column":7}},"32":{"start":{"line":71,"column":26},"end":{"line":71,"column":68}},"33":{"start":{"line":72,"column":8},"end":{"line":72,"column":42}},"34":{"start":{"line":73,"column":8},"end":{"line":73,"column":35}},"35":{"start":{"line":75,"column":8},"end":{"line":75,"column":78}},"36":{"start":{"line":77,"column":6},"end":{"line":77,"column":58}},"37":{"start":{"line":79,"column":4},"end":{"line":79,"column":22}},"38":{"start":{"line":83,"column":23},"end":{"line":83,"column":54}},"39":{"start":{"line":84,"column":25},"end":{"line":84,"column":26}},"40":{"start":{"line":85,"column":4},"end":{"line":87,"column":7}},"41":{"start":{"line":86,"column":6},"end":{"line":86,"column":60}},"42":{"start":{"line":88,"column":4},"end":{"line":92,"column":6}},"43":{"start":{"line":96,"column":0},"end":{"line":96,"column":33}}},"fnMap":{"0":{"name":"(anonymous_0)","decl":{"start":{"line":5,"column":2},"end":{"line":5,"column":3}},"loc":{"start":{"line":5,"column":28},"end":{"line":13,"column":3}},"line":5},"1":{"name":"(anonymous_1)","decl":{"start":{"line":15,"column":2},"end":{"line":15,"column":3}},"loc":{"start":{"line":15,"column":19},"end":{"line":63,"column":3}},"line":15},"2":{"name":"(anonymous_2)","decl":{"start":{"line":31,"column":41},"end":{"line":31,"column":42}},"loc":{"start":{"line":31,"column":48},"end":{"line":37,"column":5}},"line":31},"3":{"name":"(anonymous_3)","decl":{"start":{"line":65,"column":2},"end":{"line":65,"column":3}},"loc":{"start":{"line":65,"column":47},"end":{"line":80,"column":3}},"line":65},"4":{"name":"(anonymous_4)","decl":{"start":{"line":82,"column":2},"end":{"line":82,"column":3}},"loc":{"start":{"line":82,"column":13},"end":{"line":93,"column":3}},"line":82},"5":{"name":"(anonymous_5)","decl":{"start":{"line":85,"column":39},"end":{"line":85,"column":40}},"loc":{"start":{"line":85,"column":48},"end":{"line":87,"column":5}},"line":85}},"branchMap":{"0":{"loc":{"start":{"line":5,"column":14},"end":{"line":5,"column":26}},"type":"default-arg","locations":[{"start":{"line":5,"column":24},"end":{"line":5,"column":26}}],"line":5},"1":{"loc":{"start":{"line":17,"column":4},"end":{"line":19,"column":5}},"type":"if","locations":[{"start":{"line":17,"column":4},"end":{"line":19,"column":5}},{"start":{},"end":{}}],"line":17},"2":{"loc":{"start":{"line":24,"column":4},"end":{"line":26,"column":5}},"type":"if","locations":[{"start":{"line":24,"column":4},"end":{"line":26,"column":5}},{"start":{},"end":{}}],"line":24},"3":{"loc":{"start":{"line":32,"column":6},"end":{"line":36,"column":7}},"type":"if","locations":[{"start":{"line":32,"column":6},"end":{"line":36,"column":7}},{"start":{},"end":{}}],"line":32},"4":{"loc":{"start":{"line":32,"column":10},"end":{"line":32,"column":60}},"type":"binary-expr","locations":[{"start":{"line":32,"column":10},"end":{"line":32,"column":25}},{"start":{"line":32,"column":29},"end":{"line":32,"column":60}}],"line":32},"5":{"loc":{"start":{"line":33,"column":25},"end":{"line":35,"column":33}},"type":"cond-expr","locations":[{"start":{"line":34,"column":10},"end":{"line":34,"column":44}},{"start":{"line":35,"column":10},"end":{"line":35,"column":33}}],"line":33},"6":{"loc":{"start":{"line":39,"column":4},"end":{"line":39,"column":59}},"type":"if","locations":[{"start":{"line":39,"column":4},"end":{"line":39,"column":59}},{"start":{},"end":{}}],"line":39},"7":{"loc":{"start":{"line":42,"column":4},"end":{"line":45,"column":5}},"type":"if","locations":[{"start":{"line":42,"column":4},"end":{"line":45,"column":5}},{"start":{},"end":{}}],"line":42},"8":{"loc":{"start":{"line":42,"column":8},"end":{"line":42,"column":62}},"type":"binary-expr","locations":[{"start":{"line":42,"column":8},"end":{"line":42,"column":35}},{"start":{"line":42,"column":39},"end":{"line":42,"column":62}}],"line":42},"9":{"loc":{"start":{"line":58,"column":4},"end":{"line":60,"column":5}},"type":"if","locations":[{"start":{"line":58,"column":4},"end":{"line":60,"column":5}},{"start":{},"end":{}}],"line":58},"10":{"loc":{"start":{"line":58,"column":8},"end":{"line":58,"column":67}},"type":"binary-expr","locations":[{"start":{"line":58,"column":8},"end":{"line":58,"column":42}},{"start":{"line":58,"column":46},"end":{"line":58,"column":67}}],"line":58},"11":{"loc":{"start":{"line":65,"column":36},"end":{"line":65,"column":45}},"type":"default-arg","locations":[{"start":{"line":65,"column":44},"end":{"line":65,"column":45}}],"line":65}},"s":{"0":3,"1":3,"2":12,"3":12,"4":27,"5":27,"6":0,"7":27,"8":27,"9":27,"10":1,"11":26,"12":26,"13":26,"14":205,"15":184,"16":26,"17":26,"18":26,"19":26,"20":26,"21":26,"22":26,"23":26,"24":26,"25":26,"26":11,"27":11,"28":11,"29":24,"30":24,"31":24,"32":24,"33":24,"34":24,"35":0,"36":24,"37":11,"38":1,"39":1,"40":1,"41":6,"42":1,"43":3},"f":{"0":12,"1":27,"2":205,"3":11,"4":1,"5":6},"b":{"0":[4],"1":[0,27],"2":[1,26],"3":[184,21],"4":[205,184],"5":[170,14],"6":[26,0],"7":[26,0],"8":[26,26],"9":[26,0],"10":[26,26],"11":[0]},"_coverageSchema":"1a1c01bbd47fc00a2c39e90264f33305004495a9","hash":"5fbe064e51c7c2755f778767cb485bc9aa69635b"}
,"E:\\per\\src\\utils\\StyleManager.js": {"path":"E:\\per\\src\\utils\\StyleManager.js","statementMap":{"0":{"start":{"line":1,"column":19},"end":{"line":1,"column":49}},"1":{"start":{"line":5,"column":4},"end":{"line":5,"column":29}},"2":{"start":{"line":9,"column":4},"end":{"line":15,"column":8}},"3":{"start":{"line":9,"column":48},"end":{"line":15,"column":5}},"4":{"start":{"line":19,"column":18},"end":{"line":19,"column":40}},"5":{"start":{"line":20,"column":4},"end":{"line":22,"column":5}},"6":{"start":{"line":21,"column":6},"end":{"line":21,"column":56}},"7":{"start":{"line":23,"column":4},"end":{"line":32,"column":6}},"8":{"start":{"line":36,"column":0},"end":{"line":36,"column":30}}},"fnMap":{"0":{"name":"(anonymous_0)","decl":{"start":{"line":4,"column":2},"end":{"line":4,"column":3}},"loc":{"start":{"line":4,"column":16},"end":{"line":6,"column":3}},"line":4},"1":{"name":"(anonymous_1)","decl":{"start":{"line":8,"column":2},"end":{"line":8,"column":3}},"loc":{"start":{"line":8,"column":17},"end":{"line":16,"column":3}},"line":8},"2":{"name":"(anonymous_2)","decl":{"start":{"line":9,"column":40},"end":{"line":9,"column":41}},"loc":{"start":{"line":9,"column":48},"end":{"line":15,"column":5}},"line":9},"3":{"name":"(anonymous_3)","decl":{"start":{"line":18,"column":2},"end":{"line":18,"column":3}},"loc":{"start":{"line":18,"column":26},"end":{"line":33,"column":3}},"line":18}},"branchMap":{"0":{"loc":{"start":{"line":12,"column":19},"end":{"line":12,"column":53}},"type":"binary-expr","locations":[{"start":{"line":12,"column":19},"end":{"line":12,"column":47}},{"start":{"line":12,"column":51},"end":{"line":12,"column":53}}],"line":12},"1":{"loc":{"start":{"line":14,"column":20},"end":{"line":14,"column":51}},"type":"binary-expr","locations":[{"start":{"line":14,"column":20},"end":{"line":14,"column":45}},{"start":{"line":14,"column":49},"end":{"line":14,"column":51}}],"line":14},"2":{"loc":{"start":{"line":20,"column":4},"end":{"line":22,"column":5}},"type":"if","locations":[{"start":{"line":20,"column":4},"end":{"line":22,"column":5}},{"start":{},"end":{}}],"line":20},"3":{"loc":{"start":{"line":29,"column":16},"end":{"line":29,"column":36}},"type":"binary-expr","locations":[{"start":{"line":29,"column":16},"end":{"line":29,"column":30}},{"start":{"line":29,"column":34},"end":{"line":29,"column":36}}],"line":29},"4":{"loc":{"start":{"line":30,"column":19},"end":{"line":30,"column":42}},"type":"binary-expr","locations":[{"start":{"line":30,"column":19},"end":{"line":30,"column":36}},{"start":{"line":30,"column":40},"end":{"line":30,"column":42}}],"line":30},"5":{"loc":{"start":{"line":31,"column":15},"end":{"line":31,"column":35}},"type":"binary-expr","locations":[{"start":{"line":31,"column":15},"end":{"line":31,"column":29}},{"start":{"line":31,"column":33},"end":{"line":31,"column":35}}],"line":31}},"s":{"0":2,"1":8,"2":0,"3":0,"4":0,"5":0,"6":0,"7":0,"8":2},"f":{"0":8,"1":0,"2":0,"3":0},"b":{"0":[0,0],"1":[0,0],"2":[0,0],"3":[0,0],"4":[0,0],"5":[0,0]},"_coverageSchema":"1a1c01bbd47fc00a2c39e90264f33305004495a9","hash":"7cbe1bf2f015241e83983be1cfbafe119b54fb0e"}
,"E:\\per\\src\\utils\\TemplateManager.js": {"path":"E:\\per\\src\\utils\\TemplateManager.js","statementMap":{"0":{"start":{"line":1,"column":11},"end":{"line":1,"column":24}},"1":{"start":{"line":2,"column":13},"end":{"line":2,"column":28}},"2":{"start":{"line":3,"column":29},"end":{"line":3,"column":49}},"3":{"start":{"line":7,"column":4},"end":{"line":7,"column":65}},"4":{"start":{"line":8,"column":4},"end":{"line":8,"column":30}},"5":{"start":{"line":12,"column":4},"end":{"line":14,"column":5}},"6":{"start":{"line":13,"column":6},"end":{"line":13,"column":59}},"7":{"start":{"line":18,"column":4},"end":{"line":20,"column":5}},"8":{"start":{"line":19,"column":6},"end":{"line":19,"column":70}},"9":{"start":{"line":21,"column":25},"end":{"line":27,"column":5}},"10":{"start":{"line":28,"column":21},"end":{"line":28,"column":65}},"11":{"start":{"line":29,"column":4},"end":{"line":34,"column":5}},"12":{"start":{"line":30,"column":6},"end":{"line":30,"column":72}},"13":{"start":{"line":31,"column":6},"end":{"line":31,"column":81}},"14":{"start":{"line":33,"column":6},"end":{"line":33,"column":67}},"15":{"start":{"line":38,"column":21},"end":{"line":38,"column":65}},"16":{"start":{"line":39,"column":4},"end":{"line":41,"column":5}},"17":{"start":{"line":40,"column":6},"end":{"line":40,"column":54}},"18":{"start":{"line":42,"column":4},"end":{"line":47,"column":5}},"19":{"start":{"line":43,"column":19},"end":{"line":43,"column":52}},"20":{"start":{"line":44,"column":6},"end":{"line":44,"column":30}},"21":{"start":{"line":46,"column":6},"end":{"line":46,"column":77}},"22":{"start":{"line":51,"column":4},"end":{"line":51,"column":30}},"23":{"start":{"line":52,"column":4},"end":{"line":61,"column":5}},"24":{"start":{"line":53,"column":6},"end":{"line":58,"column":11}},"25":{"start":{"line":54,"column":24},"end":{"line":54,"column":46}},"26":{"start":{"line":56,"column":23},"end":{"line":56,"column":51}},"27":{"start":{"line":57,"column":10},"end":{"line":57,"column":78}},"28":{"start":{"line":60,"column":6},"end":{"line":60,"column":16}},"29":{"start":{"line":65,"column":0},"end":{"line":65,"column":33}}},"fnMap":{"0":{"name":"(anonymous_0)","decl":{"start":{"line":6,"column":2},"end":{"line":6,"column":3}},"loc":{"start":{"line":6,"column":16},"end":{"line":9,"column":3}},"line":6},"1":{"name":"(anonymous_1)","decl":{"start":{"line":11,"column":2},"end":{"line":11,"column":3}},"loc":{"start":{"line":11,"column":23},"end":{"line":15,"column":3}},"line":11},"2":{"name":"(anonymous_2)","decl":{"start":{"line":17,"column":2},"end":{"line":17,"column":3}},"loc":{"start":{"line":17,"column":21},"end":{"line":35,"column":3}},"line":17},"3":{"name":"(anonymous_3)","decl":{"start":{"line":37,"column":2},"end":{"line":37,"column":3}},"loc":{"start":{"line":37,"column":13},"end":{"line":48,"column":3}},"line":37},"4":{"name":"(anonymous_4)","decl":{"start":{"line":50,"column":2},"end":{"line":50,"column":3}},"loc":{"start":{"line":50,"column":9},"end":{"line":62,"column":3}},"line":50},"5":{"name":"(anonymous_5)","decl":{"start":{"line":54,"column":16},"end":{"line":54,"column":17}},"loc":{"start":{"line":54,"column":24},"end":{"line":54,"column":46}},"line":54},"6":{"name":"(anonymous_6)","decl":{"start":{"line":55,"column":13},"end":{"line":55,"column":14}},"loc":{"start":{"line":55,"column":21},"end":{"line":58,"column":9}},"line":55}},"branchMap":{"0":{"loc":{"start":{"line":12,"column":4},"end":{"line":14,"column":5}},"type":"if","locations":[{"start":{"line":12,"column":4},"end":{"line":14,"column":5}},{"start":{},"end":{}}],"line":12},"1":{"loc":{"start":{"line":18,"column":4},"end":{"line":20,"column":5}},"type":"if","locations":[{"start":{"line":18,"column":4},"end":{"line":20,"column":5}},{"start":{},"end":{}}],"line":18},"2":{"loc":{"start":{"line":18,"column":8},"end":{"line":18,"column":24}},"type":"binary-expr","locations":[{"start":{"line":18,"column":8},"end":{"line":18,"column":13}},{"start":{"line":18,"column":17},"end":{"line":18,"column":24}}],"line":18},"3":{"loc":{"start":{"line":39,"column":4},"end":{"line":41,"column":5}},"type":"if","locations":[{"start":{"line":39,"column":4},"end":{"line":41,"column":5}},{"start":{},"end":{}}],"line":39}},"s":{"0":2,"1":2,"2":2,"3":8,"4":8,"5":8,"6":0,"7":0,"8":0,"9":0,"10":0,"11":0,"12":0,"13":0,"14":0,"15":0,"16":0,"17":0,"18":0,"19":0,"20":0,"21":0,"22":0,"23":0,"24":0,"25":0,"26":0,"27":0,"28":0,"29":2},"f":{"0":8,"1":8,"2":0,"3":0,"4":0,"5":0,"6":0},"b":{"0":[0,8],"1":[0,0],"2":[0,0],"3":[0,0]},"_coverageSchema":"1a1c01bbd47fc00a2c39e90264f33305004495a9","hash":"4d89da9ff9c1f39350bc62d130fe6426814e0ccb"}
,"E:\\per\\src\\utils\\helpers.js": {"path":"E:\\per\\src\\utils\\helpers.js","statementMap":{"0":{"start":{"line":2,"column":2},"end":{"line":2,"column":61}},"1":{"start":{"line":2,"column":51},"end":{"line":2,"column":61}},"2":{"start":{"line":3,"column":2},"end":{"line":3,"column":57}},"3":{"start":{"line":7,"column":15},"end":{"line":7,"column":23}},"4":{"start":{"line":8,"column":2},"end":{"line":14,"column":5}},"5":{"start":{"line":9,"column":24},"end":{"line":9,"column":34}},"6":{"start":{"line":10,"column":4},"end":{"line":13,"column":5}},"7":{"start":{"line":11,"column":20},"end":{"line":11,"column":40}},"8":{"start":{"line":12,"column":6},"end":{"line":12,"column":70}},"9":{"start":{"line":15,"column":2},"end":{"line":15,"column":45}},"10":{"start":{"line":16,"column":2},"end":{"line":16,"column":83}},"11":{"start":{"line":17,"column":2},"end":{"line":17,"column":44}},"12":{"start":{"line":21,"column":17},"end":{"line":21,"column":19}},"13":{"start":{"line":22,"column":2},"end":{"line":25,"column":3}},"14":{"start":{"line":23,"column":4},"end":{"line":23,"column":45}},"15":{"start":{"line":24,"column":4},"end":{"line":24,"column":36}},"16":{"start":{"line":26,"column":2},"end":{"line":26,"column":54}},"17":{"start":{"line":26,"column":21},"end":{"line":26,"column":54}},"18":{"start":{"line":27,"column":2},"end":{"line":27,"column":58}},"19":{"start":{"line":27,"column":23},"end":{"line":27,"column":58}},"20":{"start":{"line":28,"column":2},"end":{"line":28,"column":48}},"21":{"start":{"line":32,"column":2},"end":{"line":32,"column":80}},"22":{"start":{"line":35,"column":0},"end":{"line":40,"column":2}}},"fnMap":{"0":{"name":"randomChoice","decl":{"start":{"line":1,"column":9},"end":{"line":1,"column":21}},"loc":{"start":{"line":1,"column":29},"end":{"line":4,"column":1}},"line":1},"1":{"name":"replacePlaceholders","decl":{"start":{"line":6,"column":9},"end":{"line":6,"column":28}},"loc":{"start":{"line":6,"column":50},"end":{"line":18,"column":1}},"line":6},"2":{"name":"(anonymous_2)","decl":{"start":{"line":8,"column":33},"end":{"line":8,"column":34}},"loc":{"start":{"line":8,"column":40},"end":{"line":14,"column":3}},"line":8},"3":{"name":"validateConfig","decl":{"start":{"line":20,"column":9},"end":{"line":20,"column":23}},"loc":{"start":{"line":20,"column":32},"end":{"line":29,"column":1}},"line":20},"4":{"name":"generatePromptId","decl":{"start":{"line":31,"column":9},"end":{"line":31,"column":25}},"loc":{"start":{"line":31,"column":28},"end":{"line":33,"column":1}},"line":31}},"branchMap":{"0":{"loc":{"start":{"line":2,"column":2},"end":{"line":2,"column":61}},"type":"if","locations":[{"start":{"line":2,"column":2},"end":{"line":2,"column":61}},{"start":{},"end":{}}],"line":2},"1":{"loc":{"start":{"line":2,"column":6},"end":{"line":2,"column":49}},"type":"binary-expr","locations":[{"start":{"line":2,"column":6},"end":{"line":2,"column":27}},{"start":{"line":2,"column":31},"end":{"line":2,"column":49}}],"line":2},"2":{"loc":{"start":{"line":10,"column":4},"end":{"line":13,"column":5}},"type":"if","locations":[{"start":{"line":10,"column":4},"end":{"line":13,"column":5}},{"start":{},"end":{}}],"line":10},"3":{"loc":{"start":{"line":11,"column":20},"end":{"line":11,"column":40}},"type":"binary-expr","locations":[{"start":{"line":11,"column":20},"end":{"line":11,"column":34}},{"start":{"line":11,"column":38},"end":{"line":11,"column":40}}],"line":11},"4":{"loc":{"start":{"line":22,"column":2},"end":{"line":25,"column":3}},"type":"if","locations":[{"start":{"line":22,"column":2},"end":{"line":25,"column":3}},{"start":{},"end":{}}],"line":22},"5":{"loc":{"start":{"line":26,"column":2},"end":{"line":26,"column":54}},"type":"if","locations":[{"start":{"line":26,"column":2},"end":{"line":26,"column":54}},{"start":{},"end":{}}],"line":26},"6":{"loc":{"start":{"line":27,"column":2},"end":{"line":27,"column":58}},"type":"if","locations":[{"start":{"line":27,"column":2},"end":{"line":27,"column":58}},{"start":{},"end":{}}],"line":27}},"s":{"0":170,"1":0,"2":170,"3":26,"4":26,"5":237,"6":237,"7":205,"8":205,"9":26,"10":26,"11":26,"12":27,"13":27,"14":0,"15":0,"16":27,"17":0,"18":27,"19":0,"20":27,"21":0,"22":3},"f":{"0":170,"1":26,"2":237,"3":27,"4":0},"b":{"0":[0,170],"1":[170,170],"2":[205,32],"3":[205,0],"4":[0,27],"5":[0,27],"6":[0,27]},"_coverageSchema":"1a1c01bbd47fc00a2c39e90264f33305004495a9","hash":"d33d5ab0fc163868fd66c59c54a61d01c89e40bc"}
}
